{"uuid": "313b8f46-26f1-4f7d-95c2-bc58f2a53696", "children": ["92822229-4e8a-4b1f-8c9d-12febc75b832"], "befores": [{"name": "Проверка перехода в историю заказов в личном кабинете", "status": "broken", "statusDetails": {"message": "selenium.common.exceptions.NoSuchWindowException: Message: no such window: target window already closed\nfrom unknown error: web view not found\n  (Session info: chrome=128.0.6613.85)\nStacktrace:\n\tGetHandleVerifier [0x0100D933+25811]\n\t(No symbol) [0x00F9E314]\n\t(No symbol) [0x00E92523]\n\t(No symbol) [0x00E6E27B]\n\t(No symbol) [0x00F019BF]\n\t(No symbol) [0x00F14029]\n\t(No symbol) [0x00EFAAC6]\n\t(No symbol) [0x00ECBEFD]\n\t(No symbol) [0x00ECC8FD]\n\tGetHandleVerifier [0x012DF143+2981091]\n\tGetHandleVerifier [0x01332FF9+3324825]\n\tGetHandleVerifier [0x0109B32F+605903]\n\tGetHandleVerifier [0x010A2CBC+637020]\n\t(No symbol) [0x00FA6F4D]\n\t(No symbol) [0x00FA3DD8]\n\t(No symbol) [0x00FA3F75]\n\t(No symbol) [0x00F96406]\n\tBaseThreadInitThunk [0x77247BA9+25]\n\tRtlInitializeExceptionChain [0x77D0C0CB+107]\n\tRtlClearBits [0x77D0C04F+191]\n\n", "trace": "  File \"C:\\Users\\evgen\\PycharmProjects\\Diplom_3\\.venv\\Lib\\site-packages\\pluggy\\_callers.py\", line 167, in _multicall\n    teardown.throw(outcome._exception)\n  File \"C:\\Users\\evgen\\PycharmProjects\\Diplom_3\\.venv\\Lib\\site-packages\\_pytest\\setuponly.py\", line 36, in pytest_fixture_setup\n    return (yield)\n            ^^^^^\n  File \"C:\\Users\\evgen\\PycharmProjects\\Diplom_3\\.venv\\Lib\\site-packages\\pluggy\\_callers.py\", line 103, in _multicall\n    res = hook_impl.function(*args)\n          ^^^^^^^^^^^^^^^^^^^^^^^^^\n  File \"C:\\Users\\evgen\\PycharmProjects\\Diplom_3\\.venv\\Lib\\site-packages\\_pytest\\fixtures.py\", line 1140, in pytest_fixture_setup\n    result = call_fixture_func(fixturefunc, request, kwargs)\n             ^^^^^^^^^^^^^^^^^^^^^^^^^^^^^^^^^^^^^^^^^^^^^^^\n  File \"C:\\Users\\evgen\\PycharmProjects\\Diplom_3\\.venv\\Lib\\site-packages\\_pytest\\fixtures.py\", line 898, in call_fixture_func\n    fixture_result = fixturefunc(**kwargs)\n                     ^^^^^^^^^^^^^^^^^^^^^\n  File \"C:\\Users\\evgen\\PycharmProjects\\Diplom_3\\conftest.py\", line 80, in login_user\n    personal_page.login(email, password)\n  File \"C:\\Users\\evgen\\PycharmProjects\\Diplom_3\\.venv\\Lib\\site-packages\\allure_commons\\_allure.py\", line 192, in impl\n    return func(*a, **kw)\n           ^^^^^^^^^^^^^^\n  File \"C:\\Users\\evgen\\PycharmProjects\\Diplom_3\\pages\\personal_page.py\", line 30, in login\n    self.set_email(email)\n  File \"C:\\Users\\evgen\\PycharmProjects\\Diplom_3\\.venv\\Lib\\site-packages\\allure_commons\\_allure.py\", line 192, in impl\n    return func(*a, **kw)\n           ^^^^^^^^^^^^^^\n  File \"C:\\Users\\evgen\\PycharmProjects\\Diplom_3\\pages\\personal_page.py\", line 18, in set_email\n    self.enter_text(PersonalLocators.EMAIL_FIELD, email)\n  File \"C:\\Users\\evgen\\PycharmProjects\\Diplom_3\\pages\\base_page.py\", line 39, in enter_text\n    element = self.find_element(locator, timeout)\n              ^^^^^^^^^^^^^^^^^^^^^^^^^^^^^^^^^^^\n  File \"C:\\Users\\evgen\\PycharmProjects\\Diplom_3\\pages\\base_page.py\", line 18, in find_element\n    return WebDriverWait(self.driver, timeout).until(EC.presence_of_element_located(locator))\n           ^^^^^^^^^^^^^^^^^^^^^^^^^^^^^^^^^^^^^^^^^^^^^^^^^^^^^^^^^^^^^^^^^^^^^^^^^^^^^^^^^^\n  File \"C:\\Users\\evgen\\PycharmProjects\\Diplom_3\\.venv\\Lib\\site-packages\\selenium\\webdriver\\support\\wait.py\", line 96, in until\n    value = method(self._driver)\n            ^^^^^^^^^^^^^^^^^^^^\n  File \"C:\\Users\\evgen\\PycharmProjects\\Diplom_3\\.venv\\Lib\\site-packages\\selenium\\webdriver\\support\\expected_conditions.py\", line 84, in _predicate\n    return driver.find_element(*locator)\n           ^^^^^^^^^^^^^^^^^^^^^^^^^^^^^\n  File \"C:\\Users\\evgen\\PycharmProjects\\Diplom_3\\.venv\\Lib\\site-packages\\selenium\\webdriver\\remote\\webdriver.py\", line 748, in find_element\n    return self.execute(Command.FIND_ELEMENT, {\"using\": by, \"value\": value})[\"value\"]\n           ^^^^^^^^^^^^^^^^^^^^^^^^^^^^^^^^^^^^^^^^^^^^^^^^^^^^^^^^^^^^^^^^^\n  File \"C:\\Users\\evgen\\PycharmProjects\\Diplom_3\\.venv\\Lib\\site-packages\\selenium\\webdriver\\remote\\webdriver.py\", line 354, in execute\n    self.error_handler.check_response(response)\n  File \"C:\\Users\\evgen\\PycharmProjects\\Diplom_3\\.venv\\Lib\\site-packages\\selenium\\webdriver\\remote\\errorhandler.py\", line 229, in check_response\n    raise exception_class(message, screen, stacktrace)\n"}, "steps": [{"name": "Инициализация драйвера", "status": "passed", "parameters": [{"name": "driver", "value": "<selenium.webdriver.chrome.webdriver.WebDriver (session=\"894cf89c47c0b1159280136c1a939b6e\")>"}], "start": 1730059323483, "stop": 1730059323483}, {"name": "Нажимаем на кнопку \"Личный кабинет\" в шапке", "status": "passed", "start": 1730059323483, "stop": 1730059353984}, {"name": "Вводим email, пароль в соответствующие поля", "status": "broken", "statusDetails": {"message": "selenium.common.exceptions.NoSuchWindowException: Message: no such window: target window already closed\nfrom unknown error: web view not found\n  (Session info: chrome=128.0.6613.85)\nStacktrace:\n\tGetHandleVerifier [0x0100D933+25811]\n\t(No symbol) [0x00F9E314]\n\t(No symbol) [0x00E92523]\n\t(No symbol) [0x00E6E27B]\n\t(No symbol) [0x00F019BF]\n\t(No symbol) [0x00F14029]\n\t(No symbol) [0x00EFAAC6]\n\t(No symbol) [0x00ECBEFD]\n\t(No symbol) [0x00ECC8FD]\n\tGetHandleVerifier [0x012DF143+2981091]\n\tGetHandleVerifier [0x01332FF9+3324825]\n\tGetHandleVerifier [0x0109B32F+605903]\n\tGetHandleVerifier [0x010A2CBC+637020]\n\t(No symbol) [0x00FA6F4D]\n\t(No symbol) [0x00FA3DD8]\n\t(No symbol) [0x00FA3F75]\n\t(No symbol) [0x00F96406]\n\tBaseThreadInitThunk [0x77247BA9+25]\n\tRtlInitializeExceptionChain [0x77D0C0CB+107]\n\tRtlClearBits [0x77D0C04F+191]\n\n", "trace": "  File \"C:\\Users\\evgen\\PycharmProjects\\Diplom_3\\.venv\\Lib\\site-packages\\allure_commons\\_allure.py\", line 192, in impl\n    return func(*a, **kw)\n           ^^^^^^^^^^^^^^\n  File \"C:\\Users\\evgen\\PycharmProjects\\Diplom_3\\pages\\personal_page.py\", line 30, in login\n    self.set_email(email)\n  File \"C:\\Users\\evgen\\PycharmProjects\\Diplom_3\\.venv\\Lib\\site-packages\\allure_commons\\_allure.py\", line 192, in impl\n    return func(*a, **kw)\n           ^^^^^^^^^^^^^^\n  File \"C:\\Users\\evgen\\PycharmProjects\\Diplom_3\\pages\\personal_page.py\", line 18, in set_email\n    self.enter_text(PersonalLocators.EMAIL_FIELD, email)\n  File \"C:\\Users\\evgen\\PycharmProjects\\Diplom_3\\pages\\base_page.py\", line 39, in enter_text\n    element = self.find_element(locator, timeout)\n              ^^^^^^^^^^^^^^^^^^^^^^^^^^^^^^^^^^^\n  File \"C:\\Users\\evgen\\PycharmProjects\\Diplom_3\\pages\\base_page.py\", line 18, in find_element\n    return WebDriverWait(self.driver, timeout).until(EC.presence_of_element_located(locator))\n           ^^^^^^^^^^^^^^^^^^^^^^^^^^^^^^^^^^^^^^^^^^^^^^^^^^^^^^^^^^^^^^^^^^^^^^^^^^^^^^^^^^\n  File \"C:\\Users\\evgen\\PycharmProjects\\Diplom_3\\.venv\\Lib\\site-packages\\selenium\\webdriver\\support\\wait.py\", line 96, in until\n    value = method(self._driver)\n            ^^^^^^^^^^^^^^^^^^^^\n  File \"C:\\Users\\evgen\\PycharmProjects\\Diplom_3\\.venv\\Lib\\site-packages\\selenium\\webdriver\\support\\expected_conditions.py\", line 84, in _predicate\n    return driver.find_element(*locator)\n           ^^^^^^^^^^^^^^^^^^^^^^^^^^^^^\n  File \"C:\\Users\\evgen\\PycharmProjects\\Diplom_3\\.venv\\Lib\\site-packages\\selenium\\webdriver\\remote\\webdriver.py\", line 748, in find_element\n    return self.execute(Command.FIND_ELEMENT, {\"using\": by, \"value\": value})[\"value\"]\n           ^^^^^^^^^^^^^^^^^^^^^^^^^^^^^^^^^^^^^^^^^^^^^^^^^^^^^^^^^^^^^^^^^\n  File \"C:\\Users\\evgen\\PycharmProjects\\Diplom_3\\.venv\\Lib\\site-packages\\selenium\\webdriver\\remote\\webdriver.py\", line 354, in execute\n    self.error_handler.check_response(response)\n  File \"C:\\Users\\evgen\\PycharmProjects\\Diplom_3\\.venv\\Lib\\site-packages\\selenium\\webdriver\\remote\\errorhandler.py\", line 229, in check_response\n    raise exception_class(message, screen, stacktrace)\n"}, "steps": [{"name": "Вводим данные в поле \"Email\"", "status": "broken", "statusDetails": {"message": "selenium.common.exceptions.NoSuchWindowException: Message: no such window: target window already closed\nfrom unknown error: web view not found\n  (Session info: chrome=128.0.6613.85)\nStacktrace:\n\tGetHandleVerifier [0x0100D933+25811]\n\t(No symbol) [0x00F9E314]\n\t(No symbol) [0x00E92523]\n\t(No symbol) [0x00E6E27B]\n\t(No symbol) [0x00F019BF]\n\t(No symbol) [0x00F14029]\n\t(No symbol) [0x00EFAAC6]\n\t(No symbol) [0x00ECBEFD]\n\t(No symbol) [0x00ECC8FD]\n\tGetHandleVerifier [0x012DF143+2981091]\n\tGetHandleVerifier [0x01332FF9+3324825]\n\tGetHandleVerifier [0x0109B32F+605903]\n\tGetHandleVerifier [0x010A2CBC+637020]\n\t(No symbol) [0x00FA6F4D]\n\t(No symbol) [0x00FA3DD8]\n\t(No symbol) [0x00FA3F75]\n\t(No symbol) [0x00F96406]\n\tBaseThreadInitThunk [0x77247BA9+25]\n\tRtlInitializeExceptionChain [0x77D0C0CB+107]\n\tRtlClearBits [0x77D0C04F+191]\n\n", "trace": "  File \"C:\\Users\\evgen\\PycharmProjects\\Diplom_3\\.venv\\Lib\\site-packages\\allure_commons\\_allure.py\", line 192, in impl\n    return func(*a, **kw)\n           ^^^^^^^^^^^^^^\n  File \"C:\\Users\\evgen\\PycharmProjects\\Diplom_3\\pages\\personal_page.py\", line 18, in set_email\n    self.enter_text(PersonalLocators.EMAIL_FIELD, email)\n  File \"C:\\Users\\evgen\\PycharmProjects\\Diplom_3\\pages\\base_page.py\", line 39, in enter_text\n    element = self.find_element(locator, timeout)\n              ^^^^^^^^^^^^^^^^^^^^^^^^^^^^^^^^^^^\n  File \"C:\\Users\\evgen\\PycharmProjects\\Diplom_3\\pages\\base_page.py\", line 18, in find_element\n    return WebDriverWait(self.driver, timeout).until(EC.presence_of_element_located(locator))\n           ^^^^^^^^^^^^^^^^^^^^^^^^^^^^^^^^^^^^^^^^^^^^^^^^^^^^^^^^^^^^^^^^^^^^^^^^^^^^^^^^^^\n  File \"C:\\Users\\evgen\\PycharmProjects\\Diplom_3\\.venv\\Lib\\site-packages\\selenium\\webdriver\\support\\wait.py\", line 96, in until\n    value = method(self._driver)\n            ^^^^^^^^^^^^^^^^^^^^\n  File \"C:\\Users\\evgen\\PycharmProjects\\Diplom_3\\.venv\\Lib\\site-packages\\selenium\\webdriver\\support\\expected_conditions.py\", line 84, in _predicate\n    return driver.find_element(*locator)\n           ^^^^^^^^^^^^^^^^^^^^^^^^^^^^^\n  File \"C:\\Users\\evgen\\PycharmProjects\\Diplom_3\\.venv\\Lib\\site-packages\\selenium\\webdriver\\remote\\webdriver.py\", line 748, in find_element\n    return self.execute(Command.FIND_ELEMENT, {\"using\": by, \"value\": value})[\"value\"]\n           ^^^^^^^^^^^^^^^^^^^^^^^^^^^^^^^^^^^^^^^^^^^^^^^^^^^^^^^^^^^^^^^^^\n  File \"C:\\Users\\evgen\\PycharmProjects\\Diplom_3\\.venv\\Lib\\site-packages\\selenium\\webdriver\\remote\\webdriver.py\", line 354, in execute\n    self.error_handler.check_response(response)\n  File \"C:\\Users\\evgen\\PycharmProjects\\Diplom_3\\.venv\\Lib\\site-packages\\selenium\\webdriver\\remote\\errorhandler.py\", line 229, in check_response\n    raise exception_class(message, screen, stacktrace)\n"}, "parameters": [{"name": "email", "value": "'nikola2003@yahoo.com'"}], "start": 1730059353984, "stop": 1730059358064}], "parameters": [{"name": "email", "value": "'nikola2003@yahoo.com'"}, {"name": "password", "value": "'LVYOnHEn#5'"}], "start": 1730059353984, "stop": 1730059358064}], "start": 1730059323483, "stop": 1730059358064}], "start": 1730059323483, "stop": 1730059358096}